Unity Editor version:    2020.3.27f1 (e759542391ea)
Branch:                  2020.3/release
Build type:              Release
Batch mode:              YES
macOS version:           Version 12.1 (Build 21C52)
Darwin version:          21.2.0
Architecture:            x86_64
Running under Rosetta:   NO
Available memory:        8192 MB
Using pre-set license
Pro License: NO

COMMAND LINE ARGUMENTS:
/Applications/Unity/Hub/Editor/2020.3.27f1/Unity.app/Contents/MacOS/Unity
-adb2
-batchMode
-noUpm
-name
AssetImportWorker0
-projectPath
/Users/xemrex22/Desktop/Coding/Github/ACI_Game_Dev_Club/My project
-logFile
Logs/AssetImportWorker0.log
-srvPort
63282
Successfully changed project path to: /Users/xemrex22/Desktop/Coding/Github/ACI_Game_Dev_Club/My project
/Users/xemrex22/Desktop/Coding/Github/ACI_Game_Dev_Club/My project
Using Asset Import Pipeline V2.
Refreshing native plugins compatible for Editor in 278.92 ms, found 3 plugins.
Preloading 0 native plugins for Editor in 0.00 ms.
Initialize engine version: 2020.3.27f1 (e759542391ea)
[Subsystems] Discovering subsystems at path /Applications/Unity/Hub/Editor/2020.3.27f1/Unity.app/Contents/Resources/UnitySubsystems
[Subsystems] Discovering subsystems at path /Users/xemrex22/Desktop/Coding/Github/ACI_Game_Dev_Club/My project/Assets
GfxDevice: creating device client; threaded=0
2022-02-02 22:46:01.948 Unity[76107:2799373] Color LCD preferred device: Intel(R) Iris(TM) Plus Graphics 640 (low power)
2022-02-02 22:46:01.948 Unity[76107:2799373] Metal devices available: 1
2022-02-02 22:46:01.948 Unity[76107:2799373] 0: Intel(R) Iris(TM) Plus Graphics 640 (low power)
2022-02-02 22:46:01.949 Unity[76107:2799373] Using device Intel(R) Iris(TM) Plus Graphics 640 (low power)
Initializing Metal device caps: Intel(R) Iris(TM) Plus Graphics 640
Initialize mono
Mono path[0] = '/Applications/Unity/Hub/Editor/2020.3.27f1/Unity.app/Contents/Managed'
Mono path[1] = '/Applications/Unity/Hub/Editor/2020.3.27f1/Unity.app/Contents/MonoBleedingEdge/lib/mono/unityjit'
Mono config path = '/Applications/Unity/Hub/Editor/2020.3.27f1/Unity.app/Contents/MonoBleedingEdge/etc'
Using monoOptions --debugger-agent=transport=dt_socket,embedding=1,server=y,suspend=n,address=127.0.0.1:56107
Begin MonoManager ReloadAssembly
Registering precompiled unity dll's ...
Register platform support module: /Applications/Unity/Hub/Editor/2020.3.27f1/PlaybackEngines/WebGLSupport/UnityEditor.WebGL.Extensions.dll
Register platform support module: /Applications/Unity/Hub/Editor/2020.3.27f1/Unity.app/Contents/PlaybackEngines/MacStandaloneSupport/UnityEditor.OSXStandalone.Extensions.dll
Register platform support module: /Applications/Unity/Hub/Editor/2020.3.27f1/PlaybackEngines/WindowsStandaloneSupport/UnityEditor.WindowsStandalone.Extensions.dll
Registered in 0.004426 seconds.
Native extension for WindowsStandalone target not found
Native extension for OSXStandalone target not found
Native extension for WebGL target not found
Refreshing native plugins compatible for Editor in 171.24 ms, found 3 plugins.
Preloading 0 native plugins for Editor in 0.00 ms.
Mono: successfully reloaded assembly
- Completed reload, in  1.955 seconds
Domain Reload Profiling:
	ReloadAssembly (1956ms)
		BeginReloadAssembly (188ms)
			ExecutionOrderSort (0ms)
			DisableScriptedObjects (0ms)
			BackupInstance (0ms)
			ReleaseScriptingObjects (0ms)
			CreateAndSetChildDomain (1ms)
		EndReloadAssembly (1556ms)
			LoadAssemblies (190ms)
			RebuildTransferFunctionScriptingTraits (0ms)
			SetupTypeCache (514ms)
			ReleaseScriptCaches (0ms)
			RebuildScriptCaches (98ms)
			SetupLoadedEditorAssemblies (659ms)
				LogAssemblyErrors (0ms)
				InitializePlatformSupportModulesInManaged (15ms)
				SetLoadedEditorAssemblies (0ms)
				RefreshPlugins (171ms)
				BeforeProcessingInitializeOnLoad (83ms)
				ProcessInitializeOnLoadAttributes (308ms)
				ProcessInitializeOnLoadMethodAttributes (80ms)
				AfterProcessingInitializeOnLoad (0ms)
				EditorAssembliesLoaded (1ms)
			ExecutionOrderSort2 (0ms)
			AwakeInstancesAfterBackupRestoration (0ms)
Platform modules already initialized, skipping
Registering precompiled user dll's ...
Registered in 0.017894 seconds.
Begin MonoManager ReloadAssembly
Native extension for WindowsStandalone target not found
Native extension for OSXStandalone target not found
Native extension for WebGL target not found
Refreshing native plugins compatible for Editor in 144.77 ms, found 3 plugins.
Preloading 0 native plugins for Editor in 0.00 ms.
Mono: successfully reloaded assembly
- Completed reload, in  4.814 seconds
Domain Reload Profiling:
	ReloadAssembly (4819ms)
		BeginReloadAssembly (534ms)
			ExecutionOrderSort (0ms)
			DisableScriptedObjects (17ms)
			BackupInstance (0ms)
			ReleaseScriptingObjects (1ms)
			CreateAndSetChildDomain (95ms)
		EndReloadAssembly (3993ms)
			LoadAssemblies (525ms)
			RebuildTransferFunctionScriptingTraits (0ms)
			SetupTypeCache (1316ms)
			ReleaseScriptCaches (13ms)
			RebuildScriptCaches (183ms)
			SetupLoadedEditorAssemblies (1646ms)
				LogAssemblyErrors (0ms)
				InitializePlatformSupportModulesInManaged (10ms)
				SetLoadedEditorAssemblies (0ms)
				RefreshPlugins (145ms)
				BeforeProcessingInitializeOnLoad (159ms)
				ProcessInitializeOnLoadAttributes (1312ms)
				ProcessInitializeOnLoadMethodAttributes (17ms)
				AfterProcessingInitializeOnLoad (2ms)
				EditorAssembliesLoaded (0ms)
			ExecutionOrderSort2 (0ms)
			AwakeInstancesAfterBackupRestoration (8ms)
Platform modules already initialized, skipping
Validating Project structure ... 0.008313 seconds.
Shader import version has changed; will reimport all shaders...
Upgrading shader files ...0.027839 seconds.
Application.AssetDatabase Initial Script Refresh Start
RefreshInfo: InitialScriptRefreshV2(NoUpdateAssetOptions) scanfilter:  ... 1 filters
RefreshProfiler: Total: 0.000ms
Application.AssetDatabase Initial Script Refresh End
Application.AssetDatabase.Refresh Start
Application.AssetDatabase.Refresh End
RefreshInfo: StopAssetImportingV2(ForceSynchronousImport) scanfilter: 
RefreshProfiler: Total: 0.000ms
Launching external process: /Applications/Unity/Hub/Editor/2020.3.27f1/Unity.app/Contents/Tools/UnityShaderCompiler
Launched and connected shader compiler UnityShaderCompiler after 0.02 seconds
Initializing Unity extensions:
2022-02-02 22:46:15.748 Unity[76107:2799373] NSEventModifierFlagFunction specified to -setKeyEquivalentModifierMask: for item <NSMenuItem: 0x6000038e5ab0 Font Asset, ke='Command-F12'>, but is only supported for system-provided menu items; will not be used
2022-02-02 22:46:15.755 Unity[76107:2799373] NSEventModifierFlagFunction specified to -setKeyEquivalentModifierMask: for item <NSMenuItem: 0x60000388fe90 Font Asset, ke='Command-F12'>, but is only supported for system-provided menu items; will not be used
========================================================================
Worker process is ready to serve import requests
Refreshing native plugins compatible for Editor in 0.75 ms, found 3 plugins.
Preloading 0 native plugins for Editor in 0.00 ms.
Unloading 2889 Unused Serialized files (Serialized files now loaded: 0)
System memory in use before: 297.4 MB.
System memory in use after: 277.3 MB.

Unloading 290 unused Assets to reduce memory usage. Loaded Objects now: 3278.
Total: 10.405318 ms (FindLiveObjects: 0.277043 ms CreateObjectMapping: 0.151353 ms MarkObjects: 3.437349 ms  DeleteObjects: 6.538239 ms)

AssetImportParameters requested are different than current active one (requested -> active):
  custom:video-decoder-ogg-theora: a1e56fd34408186e4bbccfd4996cb3dc -> 
  custom:container-muxer-webm: aa71ff27fc2769a1b78a27578f13a17b -> 
  custom:container-demuxer-webm: 4f35f7cbe854078d1ac9338744f61a02 -> 
  custom:container-demuxer-ogg: 62fdf1f143b41e24485cea50d1cbac27 -> 
  custom:video-encoder-webm-vp8: eb34c28f22e8b96e1ab97ce403110664 -> 
  custom:framework-osx-AVFoundation: e770b220cccbd017edd2c1fefb359320 -> 
  custom:video-decoder-webm-vp8: 9c59270c3fd7afecdb556c50c9e8de78 -> 
  custom:audio-decoder-ogg-vorbis: bf7c407c2cedff20999df2af8eb42d56 -> 
  custom:audio-encoder-webm-vorbis: bf7c407c2cedff20999df2af8eb42d56 -> 
========================================================================
Received Import Request.
  path: Assets/Karting/Scripts
  artifactKey: Guid(be811868f362849ba9f53bd143281996) Importer(815301076,1909f56bfc062723c751e8b465ee728b)
Start importing Assets/Karting/Scripts using Guid(be811868f362849ba9f53bd143281996) Importer(815301076,1909f56bfc062723c751e8b465ee728b)  -> (artifact id: 'f961dc700b3dc737467549deaef5655a') in 0.005379 seconds 
  Import took 0.010357 seconds .

========================================================================
Received Import Request.
  Time since last request: 0.000380 seconds.
  path: Assets/Karting/ScriptableObjects
  artifactKey: Guid(1f7cb60c3c0d54cf2a20981160a6f209) Importer(815301076,1909f56bfc062723c751e8b465ee728b)
Start importing Assets/Karting/ScriptableObjects using Guid(1f7cb60c3c0d54cf2a20981160a6f209) Importer(815301076,1909f56bfc062723c751e8b465ee728b)  -> (artifact id: '4da2fe8d91777b6e5d1fb9b2ff8355bb') in 0.001296 seconds 
  Import took 0.006811 seconds .

========================================================================
Received Import Request.
  Time since last request: 0.000336 seconds.
  path: Assets/Karting/Scripts/KartGame.asmdef
  artifactKey: Guid(a54b96d5ddd2c488aadb7e2cb0921b9b) Importer(815301076,1909f56bfc062723c751e8b465ee728b)
Start importing Assets/Karting/Scripts/KartGame.asmdef using Guid(a54b96d5ddd2c488aadb7e2cb0921b9b) Importer(815301076,1909f56bfc062723c751e8b465ee728b)  -> (artifact id: '9e680e3bf9c4b1483fa486fb36a246a7') in 0.192109 seconds 
  Import took 0.203769 seconds .

========================================================================
Received Import Request.
  Time since last request: 0.006846 seconds.
  path: Assets/Karting/Scripts/SimpleShaker.cs
  artifactKey: Guid(a3dcc76d9fc5548f79bd6a54d3b50fe3) Importer(815301076,1909f56bfc062723c751e8b465ee728b)
Start importing Assets/Karting/Scripts/SimpleShaker.cs using Guid(a3dcc76d9fc5548f79bd6a54d3b50fe3) Importer(815301076,1909f56bfc062723c751e8b465ee728b)  -> (artifact id: 'ca3153634e11ab6aa42d98430c2282ff') in 0.172456 seconds 
  Import took 0.182608 seconds .

========================================================================
Received Import Request.
  Time since last request: 0.000327 seconds.
  path: Assets/Karting/Scripts/TimeManager.cs
  artifactKey: Guid(11e1aacfd20ce4720bfc83f4e4f6d5e0) Importer(815301076,1909f56bfc062723c751e8b465ee728b)
Start importing Assets/Karting/Scripts/TimeManager.cs using Guid(11e1aacfd20ce4720bfc83f4e4f6d5e0) Importer(815301076,1909f56bfc062723c751e8b465ee728b)  -> (artifact id: '919dc184d4a9a9a84b5774c9cfa14aa3') in 0.002743 seconds 
  Import took 0.008770 seconds .

========================================================================
Received Import Request.
  Time since last request: 0.816322 seconds.
  path: Assets/Karting/Scripts/Objective.cs
  artifactKey: Guid(7535462baa2ed0d469f708cbe145b720) Importer(815301076,1909f56bfc062723c751e8b465ee728b)
Start importing Assets/Karting/Scripts/Objective.cs using Guid(7535462baa2ed0d469f708cbe145b720) Importer(815301076,1909f56bfc062723c751e8b465ee728b)  -> (artifact id: '73fc94920ddcf781ec25f46ba9031c35') in 0.002721 seconds 
  Import took 0.009580 seconds .

========================================================================
Received Import Request.
  Time since last request: 2.649410 seconds.
  path: Assets/Karting/Scripts/GameFlowManager.cs
  artifactKey: Guid(5e1fea5cb3ddbc249bd0181e6766db68) Importer(815301076,1909f56bfc062723c751e8b465ee728b)
Start importing Assets/Karting/Scripts/GameFlowManager.cs using Guid(5e1fea5cb3ddbc249bd0181e6766db68) Importer(815301076,1909f56bfc062723c751e8b465ee728b)  -> (artifact id: 'b3aeb1276262c21e4fb6b24bc5be2614') in 0.001876 seconds 
  Import took 0.007411 seconds .

========================================================================
Received Import Request.
  Time since last request: 1.787545 seconds.
  path: Assets/Karting/Scripts/InGameMenuManager.cs
  artifactKey: Guid(18998fe37a74de64d861e190ab499e45) Importer(815301076,1909f56bfc062723c751e8b465ee728b)
Start importing Assets/Karting/Scripts/InGameMenuManager.cs using Guid(18998fe37a74de64d861e190ab499e45) Importer(815301076,1909f56bfc062723c751e8b465ee728b)  -> (artifact id: '83c3a9f3fcfb91eae95b11a927ff9262') in 0.001941 seconds 
  Import took 0.007369 seconds .

========================================================================
Received Import Request.
  Time since last request: 1.574614 seconds.
  path: Assets/Karting/Scripts/MinMaxParameters.cs
  artifactKey: Guid(9861723f7fe90784fa94a969e322fcd2) Importer(815301076,1909f56bfc062723c751e8b465ee728b)
Start importing Assets/Karting/Scripts/MinMaxParameters.cs using Guid(9861723f7fe90784fa94a969e322fcd2) Importer(815301076,1909f56bfc062723c751e8b465ee728b)  -> (artifact id: 'ee68a0b7e2abc2f313ae9105ff77976b') in 0.002550 seconds 
  Import took 0.013186 seconds .

========================================================================
Received Import Request.
  Time since last request: 1.490218 seconds.
  path: Assets/Karting/Scripts/KartSystems
  artifactKey: Guid(aca815be79b22ef46ada315cf36b0e61) Importer(815301076,1909f56bfc062723c751e8b465ee728b)
Start importing Assets/Karting/Scripts/KartSystems using Guid(aca815be79b22ef46ada315cf36b0e61) Importer(815301076,1909f56bfc062723c751e8b465ee728b)  -> (artifact id: 'd943aa274e8cf65a3c827204de156b91') in 0.001770 seconds 
  Import took 0.010149 seconds .

========================================================================
Received Import Request.
  Time since last request: 1.864835 seconds.
  path: Assets/Karting/Scripts/KartSystems/ArcadeKart.cs
  artifactKey: Guid(1b2e8893a3093437d9d101b53db56941) Importer(815301076,1909f56bfc062723c751e8b465ee728b)
Start importing Assets/Karting/Scripts/KartSystems/ArcadeKart.cs using Guid(1b2e8893a3093437d9d101b53db56941) Importer(815301076,1909f56bfc062723c751e8b465ee728b)  -> (artifact id: '1c26721298db3041925aeb167170bb44') in 0.002103 seconds 
  Import took 0.007902 seconds .

========================================================================
Received Prepare
Refreshing native plugins compatible for Editor in 20.15 ms, found 3 plugins.
Preloading 0 native plugins for Editor in 0.00 ms.
Unloading 81 Unused Serialized files (Serialized files now loaded: 0)
System memory in use before: 221.6 MB.
System memory in use after: 217.6 MB.

Unloading 81 unused Assets to reduce memory usage. Loaded Objects now: 3278.
Total: 53.924188 ms (FindLiveObjects: 0.703798 ms CreateObjectMapping: 0.171149 ms MarkObjects: 49.528204 ms  DeleteObjects: 3.519721 ms)

AssetImportParameters requested are different than current active one (requested -> active):
  custom:video-decoder-ogg-theora: a1e56fd34408186e4bbccfd4996cb3dc -> 
  custom:container-muxer-webm: aa71ff27fc2769a1b78a27578f13a17b -> 
  custom:container-demuxer-webm: 4f35f7cbe854078d1ac9338744f61a02 -> 
  custom:container-demuxer-ogg: 62fdf1f143b41e24485cea50d1cbac27 -> 
  custom:video-encoder-webm-vp8: eb34c28f22e8b96e1ab97ce403110664 -> 
  custom:framework-osx-AVFoundation: e770b220cccbd017edd2c1fefb359320 -> 
  custom:video-decoder-webm-vp8: 9c59270c3fd7afecdb556c50c9e8de78 -> 
  custom:audio-decoder-ogg-vorbis: bf7c407c2cedff20999df2af8eb42d56 -> 
  custom:audio-encoder-webm-vorbis: bf7c407c2cedff20999df2af8eb42d56 -> 
========================================================================
Received Import Request.
  Time since last request: 116.589204 seconds.
  path: Assets/Karting/Scripts/KartSystems/Inputs
  artifactKey: Guid(388d7848cc7573948929116b48eda9bd) Importer(815301076,1909f56bfc062723c751e8b465ee728b)
Start importing Assets/Karting/Scripts/KartSystems/Inputs using Guid(388d7848cc7573948929116b48eda9bd) Importer(815301076,1909f56bfc062723c751e8b465ee728b)  -> (artifact id: 'dcfbe44dcdc1b7bf2a17299408b651e8') in 0.005212 seconds 
  Import took 0.025566 seconds .

========================================================================
Received Import Request.
  Time since last request: 1.231838 seconds.
  path: Assets/Karting/Scripts/KartSystems/Inputs/KeyboardInput.cs
  artifactKey: Guid(7f292ffb948323c49ac31e54ff737ea2) Importer(815301076,1909f56bfc062723c751e8b465ee728b)
Start importing Assets/Karting/Scripts/KartSystems/Inputs/KeyboardInput.cs using Guid(7f292ffb948323c49ac31e54ff737ea2) Importer(815301076,1909f56bfc062723c751e8b465ee728b)  -> (artifact id: 'a3f7fde36af1392d168bfa69dd5e131c') in 0.025922 seconds 
  Import took 0.038492 seconds .

========================================================================
Received Import Request.
  Time since last request: 3.856109 seconds.
  path: Assets/Karting/Scripts/KartSystems/Inputs/BaseInput.cs
  artifactKey: Guid(7a15cc26383ce5a47b722077c945de4a) Importer(815301076,1909f56bfc062723c751e8b465ee728b)
Start importing Assets/Karting/Scripts/KartSystems/Inputs/BaseInput.cs using Guid(7a15cc26383ce5a47b722077c945de4a) Importer(815301076,1909f56bfc062723c751e8b465ee728b)  -> (artifact id: '5536e3194dfe98e10dc89b8be77e825e') in 0.001833 seconds 
  Import took 0.008216 seconds .

