Unity Editor version:    2020.3.27f1 (e759542391ea)
Branch:                  2020.3/release
Build type:              Release
Batch mode:              YES
macOS version:           Version 12.1 (Build 21C52)
Darwin version:          21.2.0
Architecture:            x86_64
Running under Rosetta:   NO
Available memory:        8192 MB
Using pre-set license
Pro License: NO

COMMAND LINE ARGUMENTS:
/Applications/Unity/Hub/Editor/2020.3.27f1/Unity.app/Contents/MacOS/Unity
-adb2
-batchMode
-noUpm
-name
AssetImportWorker0
-projectPath
/Users/xemrex22/Desktop/Coding/Github/ACI_Game_Dev_Club/Extended Essay
-logFile
Logs/AssetImportWorker0.log
-srvPort
65487
Successfully changed project path to: /Users/xemrex22/Desktop/Coding/Github/ACI_Game_Dev_Club/Extended Essay
/Users/xemrex22/Desktop/Coding/Github/ACI_Game_Dev_Club/Extended Essay
Using Asset Import Pipeline V2.
Refreshing native plugins compatible for Editor in 49.95 ms, found 2 plugins.
Preloading 0 native plugins for Editor in 0.00 ms.
Initialize engine version: 2020.3.27f1 (e759542391ea)
[Subsystems] Discovering subsystems at path /Applications/Unity/Hub/Editor/2020.3.27f1/Unity.app/Contents/Resources/UnitySubsystems
[Subsystems] Discovering subsystems at path /Users/xemrex22/Desktop/Coding/Github/ACI_Game_Dev_Club/Extended Essay/Assets
GfxDevice: creating device client; threaded=0
2022-02-03 13:44:18.313 Unity[82808:2994905] Color LCD preferred device: Intel(R) Iris(TM) Plus Graphics 640 (low power)
2022-02-03 13:44:18.313 Unity[82808:2994905] Metal devices available: 1
2022-02-03 13:44:18.313 Unity[82808:2994905] 0: Intel(R) Iris(TM) Plus Graphics 640 (low power)
2022-02-03 13:44:18.313 Unity[82808:2994905] Using device Intel(R) Iris(TM) Plus Graphics 640 (low power)
Initializing Metal device caps: Intel(R) Iris(TM) Plus Graphics 640
Initialize mono
Mono path[0] = '/Applications/Unity/Hub/Editor/2020.3.27f1/Unity.app/Contents/Managed'
Mono path[1] = '/Applications/Unity/Hub/Editor/2020.3.27f1/Unity.app/Contents/MonoBleedingEdge/lib/mono/unityjit'
Mono config path = '/Applications/Unity/Hub/Editor/2020.3.27f1/Unity.app/Contents/MonoBleedingEdge/etc'
Using monoOptions --debugger-agent=transport=dt_socket,embedding=1,server=y,suspend=n,address=127.0.0.1:56808
Begin MonoManager ReloadAssembly
Registering precompiled unity dll's ...
Register platform support module: /Applications/Unity/Hub/Editor/2020.3.27f1/PlaybackEngines/WebGLSupport/UnityEditor.WebGL.Extensions.dll
Register platform support module: /Applications/Unity/Hub/Editor/2020.3.27f1/Unity.app/Contents/PlaybackEngines/MacStandaloneSupport/UnityEditor.OSXStandalone.Extensions.dll
Register platform support module: /Applications/Unity/Hub/Editor/2020.3.27f1/PlaybackEngines/WindowsStandaloneSupport/UnityEditor.WindowsStandalone.Extensions.dll
Registered in 0.006210 seconds.
Native extension for WindowsStandalone target not found
Native extension for OSXStandalone target not found
Native extension for WebGL target not found
Refreshing native plugins compatible for Editor in 37.72 ms, found 2 plugins.
Preloading 0 native plugins for Editor in 0.00 ms.
Mono: successfully reloaded assembly
- Completed reload, in  0.805 seconds
Domain Reload Profiling:
	ReloadAssembly (805ms)
		BeginReloadAssembly (148ms)
			ExecutionOrderSort (0ms)
			DisableScriptedObjects (0ms)
			BackupInstance (0ms)
			ReleaseScriptingObjects (0ms)
			CreateAndSetChildDomain (1ms)
		EndReloadAssembly (556ms)
			LoadAssemblies (152ms)
			RebuildTransferFunctionScriptingTraits (0ms)
			SetupTypeCache (198ms)
			ReleaseScriptCaches (0ms)
			RebuildScriptCaches (40ms)
			SetupLoadedEditorAssemblies (219ms)
				LogAssemblyErrors (0ms)
				InitializePlatformSupportModulesInManaged (7ms)
				SetLoadedEditorAssemblies (0ms)
				RefreshPlugins (38ms)
				BeforeProcessingInitializeOnLoad (35ms)
				ProcessInitializeOnLoadAttributes (104ms)
				ProcessInitializeOnLoadMethodAttributes (35ms)
				AfterProcessingInitializeOnLoad (0ms)
				EditorAssembliesLoaded (0ms)
			ExecutionOrderSort2 (0ms)
			AwakeInstancesAfterBackupRestoration (0ms)
Platform modules already initialized, skipping
Registering precompiled user dll's ...
Registered in 0.013481 seconds.
Begin MonoManager ReloadAssembly
Native extension for WindowsStandalone target not found
Native extension for OSXStandalone target not found
Native extension for WebGL target not found
Refreshing native plugins compatible for Editor in 0.51 ms, found 2 plugins.
Preloading 0 native plugins for Editor in 0.00 ms.
Mono: successfully reloaded assembly
- Completed reload, in  1.372 seconds
Domain Reload Profiling:
	ReloadAssembly (1374ms)
		BeginReloadAssembly (245ms)
			ExecutionOrderSort (0ms)
			DisableScriptedObjects (12ms)
			BackupInstance (0ms)
			ReleaseScriptingObjects (0ms)
			CreateAndSetChildDomain (25ms)
		EndReloadAssembly (1066ms)
			LoadAssemblies (121ms)
			RebuildTransferFunctionScriptingTraits (0ms)
			SetupTypeCache (370ms)
			ReleaseScriptCaches (0ms)
			RebuildScriptCaches (60ms)
			SetupLoadedEditorAssemblies (365ms)
				LogAssemblyErrors (0ms)
				InitializePlatformSupportModulesInManaged (6ms)
				SetLoadedEditorAssemblies (1ms)
				RefreshPlugins (1ms)
				BeforeProcessingInitializeOnLoad (81ms)
				ProcessInitializeOnLoadAttributes (251ms)
				ProcessInitializeOnLoadMethodAttributes (24ms)
				AfterProcessingInitializeOnLoad (2ms)
				EditorAssembliesLoaded (0ms)
			ExecutionOrderSort2 (0ms)
			AwakeInstancesAfterBackupRestoration (9ms)
Platform modules already initialized, skipping
Validating Project structure ... 0.020651 seconds.
Shader import version has changed; will reimport all shaders...
Upgrading shader files ...0.018813 seconds.
Application.AssetDatabase Initial Script Refresh Start
RefreshInfo: InitialScriptRefreshV2(NoUpdateAssetOptions) scanfilter:  ... 1 filters
RefreshProfiler: Total: 0.000ms
Application.AssetDatabase Initial Script Refresh End
Application.AssetDatabase.Refresh Start
Application.AssetDatabase.Refresh End
RefreshInfo: StopAssetImportingV2(ForceSynchronousImport) scanfilter: 
RefreshProfiler: Total: 0.000ms
Launching external process: /Applications/Unity/Hub/Editor/2020.3.27f1/Unity.app/Contents/Tools/UnityShaderCompiler
Launched and connected shader compiler UnityShaderCompiler after 0.02 seconds
Initializing Unity extensions:
2022-02-03 13:44:22.545 Unity[82808:2994905] NSEventModifierFlagFunction specified to -setKeyEquivalentModifierMask: for item <NSMenuItem: 0x6000028e0bd0 Font Asset, ke='Command-F12'>, but is only supported for system-provided menu items; will not be used
2022-02-03 13:44:22.551 Unity[82808:2994905] NSEventModifierFlagFunction specified to -setKeyEquivalentModifierMask: for item <NSMenuItem: 0x60000288b250 Font Asset, ke='Command-F12'>, but is only supported for system-provided menu items; will not be used
========================================================================
Worker process is ready to serve import requests
Refreshing native plugins compatible for Editor in 0.55 ms, found 2 plugins.
Preloading 0 native plugins for Editor in 0.00 ms.
Unloading 1562 Unused Serialized files (Serialized files now loaded: 0)
System memory in use before: 201.2 MB.
System memory in use after: 201.1 MB.

Unloading 114 unused Assets to reduce memory usage. Loaded Objects now: 2122.
Total: 4.620878 ms (FindLiveObjects: 0.163013 ms CreateObjectMapping: 0.062294 ms MarkObjects: 4.201068 ms  DeleteObjects: 0.193520 ms)

AssetImportParameters requested are different than current active one (requested -> active):
  custom:video-decoder-ogg-theora: a1e56fd34408186e4bbccfd4996cb3dc -> 
  custom:container-muxer-webm: aa71ff27fc2769a1b78a27578f13a17b -> 
  custom:container-demuxer-webm: 4f35f7cbe854078d1ac9338744f61a02 -> 
  custom:container-demuxer-ogg: 62fdf1f143b41e24485cea50d1cbac27 -> 
  custom:video-encoder-webm-vp8: eb34c28f22e8b96e1ab97ce403110664 -> 
  custom:framework-osx-AVFoundation: e770b220cccbd017edd2c1fefb359320 -> 
  custom:video-decoder-webm-vp8: 9c59270c3fd7afecdb556c50c9e8de78 -> 
  custom:audio-decoder-ogg-vorbis: bf7c407c2cedff20999df2af8eb42d56 -> 
  custom:audio-encoder-webm-vorbis: bf7c407c2cedff20999df2af8eb42d56 -> 
========================================================================
Received Import Request.
  path: Assets/Vehicle Physics Pro/Sample Assets/Art/Models/L200 Pickup Truck/Meshes/L200-Pickup.fbx
  artifactKey: Guid(67f567dc2cac78248aaae038bc8f4676) Importer(815301076,1909f56bfc062723c751e8b465ee728b)
Start importing Assets/Vehicle Physics Pro/Sample Assets/Art/Models/L200 Pickup Truck/Meshes/L200-Pickup.fbx using Guid(67f567dc2cac78248aaae038bc8f4676) Importer(815301076,1909f56bfc062723c751e8b465ee728b)  -> (artifact id: 'fc8223b9227972f2b9bba7f3728dd5bf') in 0.810346 seconds 
  Import took 0.820427 seconds .

========================================================================
Received Import Request.
  Time since last request: 0.000432 seconds.
  path: Assets/Vehicle Physics Pro/Scenes/UI/Textures/General UI Icons.png
  artifactKey: Guid(4884d663d49966d43967bf9cd9204fa2) Importer(815301076,1909f56bfc062723c751e8b465ee728b)
Start importing Assets/Vehicle Physics Pro/Scenes/UI/Textures/General UI Icons.png using Guid(4884d663d49966d43967bf9cd9204fa2) Importer(815301076,1909f56bfc062723c751e8b465ee728b)  -> (artifact id: 'e098529f11cff60028fb91a1d56e8495') in 0.924035 seconds 
  Import took 0.931830 seconds .

========================================================================
Received Import Request.
  Time since last request: 0.000284 seconds.
  path: Assets/Vehicle Physics Pro/Sample Assets/Art/Models/L200 Pickup Truck/Textures/truck_test-flat_wheels.png
  artifactKey: Guid(11147b22846402e46bd0b07b63ef53c9) Importer(815301076,1909f56bfc062723c751e8b465ee728b)
Start importing Assets/Vehicle Physics Pro/Sample Assets/Art/Models/L200 Pickup Truck/Textures/truck_test-flat_wheels.png using Guid(11147b22846402e46bd0b07b63ef53c9) Importer(815301076,1909f56bfc062723c751e8b465ee728b)  -> (artifact id: '5257434f866689a5f3c24aa432e00980') in 0.017518 seconds 
  Import took 0.023087 seconds .

========================================================================
Received Import Request.
  Time since last request: 0.000515 seconds.
  path: Assets/Vehicle Physics Pro/Sample Assets/Art/Models/L200 Pickup Truck/Textures/truck_test-wheels.png
  artifactKey: Guid(47edc3448d70dc94595e7b90857d228f) Importer(815301076,1909f56bfc062723c751e8b465ee728b)
Start importing Assets/Vehicle Physics Pro/Sample Assets/Art/Models/L200 Pickup Truck/Textures/truck_test-wheels.png using Guid(47edc3448d70dc94595e7b90857d228f) Importer(815301076,1909f56bfc062723c751e8b465ee728b)  -> (artifact id: 'd054e5f1cfc59e88c76f7b375f7a09ee') in 0.017460 seconds 
  Import took 0.022100 seconds .

========================================================================
Received Import Request.
  Time since last request: 0.000982 seconds.
  path: Assets/Vehicle Physics Pro/Vehicles/JPickup/Meshes/JPickup.fbx
  artifactKey: Guid(b8a269fadb4a68b4ab1cc4f12b9ddded) Importer(815301076,1909f56bfc062723c751e8b465ee728b)
Start importing Assets/Vehicle Physics Pro/Vehicles/JPickup/Meshes/JPickup.fbx using Guid(b8a269fadb4a68b4ab1cc4f12b9ddded) Importer(815301076,1909f56bfc062723c751e8b465ee728b)  -> (artifact id: 'c131db597b8b783a72e1c2ca64726502') in 1.438015 seconds 
  Import took 1.452736 seconds .

========================================================================
Received Import Request.
  Time since last request: 0.000326 seconds.
  path: Assets/Vehicle Physics Pro/Sdk/Editor/VehiclePhysics_Editor.dll
  artifactKey: Guid(03365065dd9c63b49ace1b725773477d) Importer(815301076,1909f56bfc062723c751e8b465ee728b)
Start importing Assets/Vehicle Physics Pro/Sdk/Editor/VehiclePhysics_Editor.dll using Guid(03365065dd9c63b49ace1b725773477d) Importer(815301076,1909f56bfc062723c751e8b465ee728b)  -> (artifact id: '2f3caf459c4dd43a8fcde47571aee001') in 0.794708 seconds 
  Import took 0.801692 seconds .

========================================================================
Received Import Request.
  Time since last request: 0.000326 seconds.
  path: Assets/Vehicle Physics Pro/Vehicles/JPickup/Materials/JPickupWheelBlur.mat
  artifactKey: Guid(05cbc1b639039e241b6b64cd9a9843e9) Importer(815301076,1909f56bfc062723c751e8b465ee728b)
Start importing Assets/Vehicle Physics Pro/Vehicles/JPickup/Materials/JPickupWheelBlur.mat using Guid(05cbc1b639039e241b6b64cd9a9843e9) Importer(815301076,1909f56bfc062723c751e8b465ee728b)  -> (artifact id: 'ba041db7abb23635413eb477732fce7e') in 0.851898 seconds 
  Import took 0.860338 seconds .

========================================================================
Received Import Request.
  Time since last request: 0.000269 seconds.
  path: Assets/Vehicle Physics Pro/Vehicles/JPickup/Materials/JPickupWheelAlloy.mat
  artifactKey: Guid(9d2970dd45dad3c46b67ce3e516c44c1) Importer(815301076,1909f56bfc062723c751e8b465ee728b)
Start importing Assets/Vehicle Physics Pro/Vehicles/JPickup/Materials/JPickupWheelAlloy.mat using Guid(9d2970dd45dad3c46b67ce3e516c44c1) Importer(815301076,1909f56bfc062723c751e8b465ee728b)  -> (artifact id: '3d862199b8b87a6c13d2f584d3784b68') in 0.013409 seconds 
  Import took 0.016917 seconds .

========================================================================
Received Import Request.
  Time since last request: 0.000314 seconds.
  path: Assets/Vehicle Physics Pro/Sample Assets/Art/Models/L200 Pickup Truck/Materials/truck_test-flat_wheels.mat
  artifactKey: Guid(40815a2dc01f5ca4784558b5bd943541) Importer(815301076,1909f56bfc062723c751e8b465ee728b)
Start importing Assets/Vehicle Physics Pro/Sample Assets/Art/Models/L200 Pickup Truck/Materials/truck_test-flat_wheels.mat using Guid(40815a2dc01f5ca4784558b5bd943541) Importer(815301076,1909f56bfc062723c751e8b465ee728b)  -> (artifact id: 'f508243f4127e6bfc08bf1994bc332ee') in 0.020335 seconds 
  Import took 0.023693 seconds .

========================================================================
Received Import Request.
  Time since last request: 0.000276 seconds.
  path: Assets/Vehicle Physics Pro/Vehicles/JPickup/Textures/JPickupWheelAlloy.png
  artifactKey: Guid(121be0370e5784194915834d8ea2598c) Importer(815301076,1909f56bfc062723c751e8b465ee728b)
Start importing Assets/Vehicle Physics Pro/Vehicles/JPickup/Textures/JPickupWheelAlloy.png using Guid(121be0370e5784194915834d8ea2598c) Importer(815301076,1909f56bfc062723c751e8b465ee728b)  -> (artifact id: '49896aca8fbe73ede2fb6d040bca8999') in 0.017284 seconds 
  Import took 0.021362 seconds .

========================================================================
Received Import Request.
  Time since last request: 0.004552 seconds.
  path: Assets/Vehicle Physics Pro/Sample Assets/Art/Models/L200 Pickup Truck/Materials/truck_test-wheels.mat
  artifactKey: Guid(a993095f4e1e3c340a1ef25a85a84c7a) Importer(815301076,1909f56bfc062723c751e8b465ee728b)
Start importing Assets/Vehicle Physics Pro/Sample Assets/Art/Models/L200 Pickup Truck/Materials/truck_test-wheels.mat using Guid(a993095f4e1e3c340a1ef25a85a84c7a) Importer(815301076,1909f56bfc062723c751e8b465ee728b)  -> (artifact id: 'a070df9265f90b0bf08e5b6b951121c1') in 0.032178 seconds 
  Import took 0.037089 seconds .

========================================================================
Received Import Request.
  Time since last request: 0.000528 seconds.
  path: Assets/Vehicle Physics Pro/Vehicles/Sport Coupe/Meshes/VP Sport Coupe.fbx
  artifactKey: Guid(0d5ccdc922f67f64eaa311fe8cade903) Importer(815301076,1909f56bfc062723c751e8b465ee728b)
Start importing Assets/Vehicle Physics Pro/Vehicles/Sport Coupe/Meshes/VP Sport Coupe.fbx using Guid(0d5ccdc922f67f64eaa311fe8cade903) Importer(815301076,1909f56bfc062723c751e8b465ee728b)  -> (artifact id: '1190a141f307413ded7d0847464c3f6c') in 1.663065 seconds 
  Import took 1.673953 seconds .

